Command line:
   MyControl_isim_beh.exe
     -simmode  gui
     -simrunnum  1
     -socket  63606

Tue Apr 21 01:25:35 2020


 Elaboration Time: 0.203125 sec

 Current Memory Usage: 5163.98 Meg

 Total Signals          : 14
 Total Nets             : 33
 Total Signal Drivers   : 15
 Total Blocks           : 2
 Total Primitive Blocks : 2
 Total Processes        : 17
 Total Traceable Variables  : 28
 Total Scalar Nets and Variables : 127
Total Line Count : 103

 Total Simulation Time: 0.25 sec

 Current Memory Usage: 5163.98 Meg

Tue Apr 21 01:25:39 2020

